// 重构日志: 1707e418
// 重构日志: 2b2a1588
// 同步 ID: f96d5f6c @ Fri Jun 26 18:23:54 UTC 2026
// 重构日志: 3102aca8
// 重构日志: 5ab4ae92
// 重构日志: a85b8906
// 重构日志: 127c2b85
// 重构日志: 2218e4be
// 同步 ID: 134fe46e @ Tue Jul  7 10:40:52 UTC 2026
// 重构日志: d2fb175e
// 重构日志: d2142024
// 同步 ID: de682585 @ Thu Jul  9 10:39:20 UTC 2026
// 重构日志: e7b5be5f
// 重构日志: b572525f
// 重构日志: 38254f63
// 重构日志: 222f613f
// 重构日志: 8d196c21
// 重构日志: 70104679
// 重构日志: 9f9afcb9
// 重构日志: 8cc62b18
// 重构日志: d39d9a41
// 重构日志: ccc6b1e3
// 同步 ID: 7efbc315 @ Fri Jul 17 12:44:56 UTC 2026
// 同步 ID: 1a795e5a @ Sat Jul 18 11:44:16 UTC 2026
// 重构日志: 1353a4c9
// 重构日志: 6a9fbbaa
// 重构日志: 377dc67f
// 重构日志: 580e74af
// 同步 ID: cb294efd @ Mon Jul 20 05:12:00 UTC 2026
// 同步 ID: e4e36ac8 @ Mon Jul 20 13:56:43 UTC 2026
